<?xml version="1.0" encoding="UTF-8"?>
<robot generator="Robot 7.2.2 (Python 3.13.2 on win32)" generated="2025-05-13T09:11:23.602244" rpa="false" schemaversion="5">
<suite id="s1" name="TC Basic GET" source="C:\Users\z0053u3m\PycharmProjects\ApiAutomation\tests\TC_Basic_GET.robot">
<test id="s1-t1" name="Get Info With Basic Auth" line="11">
<kw name="Create Session" owner="RequestsLibrary">
<msg time="2025-05-13T09:11:24.055415" level="INFO">Creating Session using : alias=mySession, url=https://httpbin.org, headers={},                     cookies={}, auth=None, timeout=None, proxies=None, verify=False,                     debug=0 </msg>
<arg>mySession</arg>
<arg>${base_url}</arg>
<doc>Create Session: create a HTTP session to a server</doc>
<status status="PASS" start="2025-05-13T09:11:24.055238" elapsed="0.000354"/>
</kw>
<kw name="Create List" owner="BuiltIn">
<msg time="2025-05-13T09:11:24.055981" level="INFO">${auth} = ['user', 'passwd']</msg>
<var>${auth}</var>
<arg>${username}</arg>
<arg>${password}</arg>
<doc>Returns a list containing given items.</doc>
<status status="PASS" start="2025-05-13T09:11:24.055806" elapsed="0.000198"/>
</kw>
<kw name="Get Request" owner="RequestsLibrary">
<msg time="2025-05-13T09:11:24.056339" level="WARN">Keyword 'RequestsLibrary.Get Request' is deprecated. Please use `GET On Session` instead.</msg>
<msg time="2025-05-13T09:11:24.059629" level="FAIL">AttributeError: 'str' object has no attribute 'items'</msg>
<var>${response}</var>
<arg>mySession</arg>
<arg>${endpoint}</arg>
<arg>auth=${auth}</arg>
<doc>*DEPRECATED* Please use `GET On Session` instead.</doc>
<status status="FAIL" start="2025-05-13T09:11:24.056314" elapsed="0.007138">AttributeError: 'str' object has no attribute 'items'</status>
</kw>
<kw name="Convert To String" owner="BuiltIn">
<var>${status_code}</var>
<arg>${response.status_code}</arg>
<doc>Converts the given item to a Unicode string.</doc>
<status status="NOT RUN" start="2025-05-13T09:11:24.063836" elapsed="0.000025"/>
</kw>
<kw name="Should Be Equal" owner="BuiltIn">
<arg>${status_code}</arg>
<arg>200</arg>
<doc>Fails if the given objects are unequal.</doc>
<status status="NOT RUN" start="2025-05-13T09:11:24.064006" elapsed="0.000017"/>
</kw>
<kw name="Log To Console" owner="BuiltIn">
<arg>Status Code: ${status_code}</arg>
<doc>Logs the given message to the console.</doc>
<status status="NOT RUN" start="2025-05-13T09:11:24.064135" elapsed="0.000015"/>
</kw>
<kw name="Log To Console" owner="BuiltIn">
<arg>Response: ${response.content}</arg>
<doc>Logs the given message to the console.</doc>
<status status="NOT RUN" start="2025-05-13T09:11:24.064258" elapsed="0.000013"/>
</kw>
<kw name="Log To Console" owner="BuiltIn">
<arg>Headers: ${response.headers}</arg>
<doc>Logs the given message to the console.</doc>
<status status="NOT RUN" start="2025-05-13T09:11:24.064371" elapsed="0.000012"/>
</kw>
<status status="FAIL" start="2025-05-13T09:11:24.054557" elapsed="0.010009">AttributeError: 'str' object has no attribute 'items'</status>
</test>
<status status="FAIL" start="2025-05-13T09:11:23.604021" elapsed="0.461411"/>
</suite>
<statistics>
<total>
<stat pass="0" fail="1" skip="0">All Tests</stat>
</total>
<tag>
</tag>
<suite>
<stat name="TC Basic GET" id="s1" pass="0" fail="1" skip="0">TC Basic GET</stat>
</suite>
</statistics>
<errors>
<msg time="2025-05-13T09:11:24.056339" level="WARN">Keyword 'RequestsLibrary.Get Request' is deprecated. Please use `GET On Session` instead.</msg>
</errors>
</robot>
